<?xml version="1.0" encoding="UTF-8"?>
<!-- Generated by org.testng.reporters.JUnitXMLReporter -->
<testsuite hostname="DESKTOP-57DPOHQ" ignored="0" name="Test" tests="1" failures="0" timestamp="2020-10-05T11:41:21 IST" time="13.017" errors="0">
  <testcase name="@BeforeMethod beforeMethod" time="12.857" classname="com.project.SeptemberSelenium12PMMaven.TC_006">
    <failure type="org.openqa.selenium.InvalidArgumentException" message="invalid argument: user data directory is already in use, please specify a unique value for --user-data-dir argument, or don&amp;apos;t use --user-data-dir
Build info: version: &amp;apos;3.141.59&amp;apos;, revision: &amp;apos;e82be7d358&amp;apos;, time: &amp;apos;2018-11-14T08:25:48&amp;apos;
System info: host: &amp;apos;DESKTOP-57DPOHQ&amp;apos;, ip: &amp;apos;192.168.43.34&amp;apos;, os.name: &amp;apos;Windows 10&amp;apos;, os.arch: &amp;apos;amd64&amp;apos;, os.version: &amp;apos;10.0&amp;apos;, java.version: &amp;apos;1.8.0_261&amp;apos;
Driver info: driver.version: ChromeDriver
remote stacktrace: Backtrace:
	Ordinal0 [0x00CDD383+3134339]
	Ordinal0 [0x00BCA171+2007409]
	Ordinal0 [0x00A6AEE8+569064]
	Ordinal0 [0x009EE1B6+57782]
	Ordinal0 [0x00A10DFC+200188]
	Ordinal0 [0x00A10C1D+199709]
	Ordinal0 [0x00A0EB0B+191243]
	Ordinal0 [0x009F2E77+77431]
	Ordinal0 [0x009F3E3E+81470]
	Ordinal0 [0x009F3DC9+81353]
	Ordinal0 [0x00BE0CD9+2100441]
	GetHandleVerifier [0x00E4B75A+1396954]
	GetHandleVerifier [0x00E4B3D9+1396057]
	GetHandleVerifier [0x00E57126+1444518]
	GetHandleVerifier [0x00E4BCE8+1398376]
	Ordinal0 [0x00BD7F51+2064209]
	Ordinal0 [0x00BE22EB+2106091]
	Ordinal0 [0x00BE2411+2106385]
	Ordinal0 [0x00BF49C4+2181572]
	BaseThreadInitThunk [0x771460C9+25]
	RtlGetAppContainerNamedObjectPath [0x77C57A94+228]
	RtlGetAppContainerNamedObjectPath [0x77C57A64+180]
">
      <![CDATA[org.openqa.selenium.InvalidArgumentException: invalid argument: user data directory is already in use, please specify a unique value for --user-data-dir argument, or don't use --user-data-dir
Build info: version: '3.141.59', revision: 'e82be7d358', time: '2018-11-14T08:25:48'
System info: host: 'DESKTOP-57DPOHQ', ip: '192.168.43.34', os.name: 'Windows 10', os.arch: 'amd64', os.version: '10.0', java.version: '1.8.0_261'
Driver info: driver.version: ChromeDriver
remote stacktrace: Backtrace:
Ordinal0 [0x00CDD383+3134339]
Ordinal0 [0x00BCA171+2007409]
Ordinal0 [0x00A6AEE8+569064]
Ordinal0 [0x009EE1B6+57782]
Ordinal0 [0x00A10DFC+200188]
Ordinal0 [0x00A10C1D+199709]
Ordinal0 [0x00A0EB0B+191243]
Ordinal0 [0x009F2E77+77431]
Ordinal0 [0x009F3E3E+81470]
Ordinal0 [0x009F3DC9+81353]
Ordinal0 [0x00BE0CD9+2100441]
GetHandleVerifier [0x00E4B75A+1396954]
GetHandleVerifier [0x00E4B3D9+1396057]
GetHandleVerifier [0x00E57126+1444518]
GetHandleVerifier [0x00E4BCE8+1398376]
Ordinal0 [0x00BD7F51+2064209]
Ordinal0 [0x00BE22EB+2106091]
Ordinal0 [0x00BE2411+2106385]
Ordinal0 [0x00BF49C4+2181572]
BaseThreadInitThunk [0x771460C9+25]
RtlGetAppContainerNamedObjectPath [0x77C57A94+228]
RtlGetAppContainerNamedObjectPath [0x77C57A64+180]

at org.openqa.selenium.remote.W3CHandshakeResponse.lambda$errorHandler$0(W3CHandshakeResponse.java:62)
at org.openqa.selenium.remote.HandshakeResponse.lambda$getResponseFunction$0(HandshakeResponse.java:30)
at org.openqa.selenium.remote.ProtocolHandshake.lambda$createSession$0(ProtocolHandshake.java:126)
at java.util.stream.ReferencePipeline$3$1.accept(Unknown Source)
at java.util.Spliterators$ArraySpliterator.tryAdvance(Unknown Source)
at java.util.stream.ReferencePipeline.forEachWithCancel(Unknown Source)
at java.util.stream.AbstractPipeline.copyIntoWithCancel(Unknown Source)
at java.util.stream.AbstractPipeline.copyInto(Unknown Source)
at java.util.stream.AbstractPipeline.wrapAndCopyInto(Unknown Source)
at java.util.stream.FindOps$FindOp.evaluateSequential(Unknown Source)
at java.util.stream.AbstractPipeline.evaluate(Unknown Source)
at java.util.stream.ReferencePipeline.findFirst(Unknown Source)
at org.openqa.selenium.remote.ProtocolHandshake.createSession(ProtocolHandshake.java:128)
at org.openqa.selenium.remote.ProtocolHandshake.createSession(ProtocolHandshake.java:74)
at org.openqa.selenium.remote.HttpCommandExecutor.execute(HttpCommandExecutor.java:136)
at org.openqa.selenium.remote.service.DriverCommandExecutor.execute(DriverCommandExecutor.java:83)
at org.openqa.selenium.remote.RemoteWebDriver.execute(RemoteWebDriver.java:552)
at org.openqa.selenium.remote.RemoteWebDriver.startSession(RemoteWebDriver.java:213)
at org.openqa.selenium.remote.RemoteWebDriver.<init>(RemoteWebDriver.java:131)
at org.openqa.selenium.chrome.ChromeDriver.<init>(ChromeDriver.java:181)
at org.openqa.selenium.chrome.ChromeDriver.<init>(ChromeDriver.java:168)
at org.openqa.selenium.chrome.ChromeDriver.<init>(ChromeDriver.java:157)
at com.project.SeptemberSelenium12PMMaven.BaseTest.launch(BaseTest.java:85)
at com.project.SeptemberSelenium12PMMaven.TC_006.beforeMethod(TC_006.java:25)
at java.util.ArrayList.forEach(Unknown Source)
... Removed 35 stack frames]]>
    </failure>
  </testcase> <!-- @BeforeMethod beforeMethod -->
  <testcase name="@AfterMethod afterMethod" time="-1.601878281335E9" classname="com.project.SeptemberSelenium12PMMaven.TC_006">
    <skipped/>
  </testcase> <!-- @AfterMethod afterMethod -->
  <testcase name="f" time="0.0" classname="com.project.SeptemberSelenium12PMMaven.TC_006">
    <skipped/>
  </testcase> <!-- f -->
</testsuite> <!-- Test -->
